2017-07-24 16:47:50,077: [root] [INFO] --- 




------>Starting project 2
2017-07-24 16:47:50,145: [__main__] [INFO] --- Show src.gui.StartPage.StartPage
2017-07-24 16:47:51,703: [__main__] [INFO] --- Show src.gui.ModelPage.ModelPage
2017-07-24 16:47:51,710: [src.gui.StartPage] [INFO] --- Button was pressed
2017-07-24 16:48:16,712: [root] [INFO] --- 




------>Starting project 2
2017-07-24 16:48:16,779: [__main__] [INFO] --- Show src.gui.StartPage.StartPage
2017-07-24 16:48:17,808: [__main__] [INFO] --- Show src.gui.ModelPage.ModelPage
2017-07-24 16:48:17,814: [src.gui.StartPage] [INFO] --- Button was pressed
2017-07-24 16:51:00,537: [root] [INFO] --- 




------>Starting project 2
2017-07-24 16:51:00,603: [__main__] [INFO] --- Show src.gui.StartPage.StartPage
2017-07-24 16:51:01,678: [__main__] [INFO] --- Show src.gui.ModelPage.ModelPage
2017-07-24 16:51:01,686: [src.gui.StartPage] [INFO] --- Button was pressed
2017-07-24 16:51:10,770: [root] [INFO] --- 




------>Starting project 2
2017-07-24 16:51:10,834: [__main__] [INFO] --- Show src.gui.StartPage.StartPage
2017-07-24 16:51:14,509: [__main__] [INFO] --- Show src.gui.ModelPage.ModelPage
2017-07-24 16:51:14,515: [src.gui.StartPage] [INFO] --- Button was pressed
2017-07-24 16:51:24,837: [root] [INFO] --- 




------>Starting project 2
2017-07-24 16:51:24,900: [__main__] [INFO] --- Show src.gui.StartPage.StartPage
2017-07-24 16:51:25,707: [__main__] [INFO] --- Show src.gui.ModelPage.ModelPage
2017-07-24 16:51:25,715: [src.gui.StartPage] [INFO] --- Button was pressed
2017-07-24 16:51:32,646: [root] [INFO] --- 




------>Starting project 2
2017-07-24 16:51:32,715: [__main__] [INFO] --- Show src.gui.StartPage.StartPage
2017-07-24 16:51:33,564: [__main__] [INFO] --- Show src.gui.ModelPage.ModelPage
2017-07-24 16:51:33,570: [src.gui.StartPage] [INFO] --- Button was pressed
2017-07-24 16:51:36,630: [root] [INFO] --- 




------>Starting project 2
2017-07-24 16:51:36,702: [__main__] [INFO] --- Show src.gui.StartPage.StartPage
2017-07-24 16:51:37,809: [__main__] [INFO] --- Show src.gui.ModelPage.ModelPage
2017-07-24 16:51:37,814: [src.gui.StartPage] [INFO] --- Button was pressed
2017-07-24 16:52:09,631: [root] [INFO] --- 




------>Starting project 2
2017-07-24 16:52:09,711: [__main__] [INFO] --- Show src.gui.StartPage.StartPage
2017-07-24 16:52:10,497: [__main__] [INFO] --- Show src.gui.ModelPage.ModelPage
2017-07-24 16:52:10,526: [src.gui.StartPage] [INFO] --- Button was pressed
2017-07-24 16:58:36,539: [root] [INFO] --- 




------>Starting project 2
2017-07-24 16:58:36,607: [__main__] [INFO] --- Show src.gui.StartPage.StartPage
2017-07-24 16:58:38,068: [__main__] [INFO] --- Show src.gui.ModelPage.ModelPage
2017-07-24 16:58:38,072: [src.gui.StartPage] [INFO] --- Button was pressed
2017-07-24 17:00:51,185: [root] [INFO] --- 




------>Starting project 2
2017-07-24 17:00:51,259: [__main__] [INFO] --- Show src.gui.StartPage.StartPage
2017-07-24 17:00:52,438: [__main__] [INFO] --- Show src.gui.ModelPage.ModelPage
2017-07-24 17:00:52,443: [src.gui.StartPage] [INFO] --- Button was pressed
2017-07-24 17:04:17,021: [root] [INFO] --- 




------>Starting project 2
2017-07-24 17:04:17,087: [__main__] [INFO] --- Show src.gui.StartPage.StartPage
2017-07-24 17:04:18,175: [__main__] [INFO] --- Show src.gui.ModelPage.ModelPage
2017-07-24 17:04:18,179: [src.gui.StartPage] [INFO] --- Button was pressed
2017-07-24 17:12:35,129: [root] [INFO] --- 




------>Starting project 2
2017-07-24 17:12:35,229: [__main__] [INFO] --- Show src.gui.StartPage.StartPage
2017-07-24 17:12:36,261: [__main__] [INFO] --- Show src.gui.ModelPage.ModelPage
2017-07-24 17:12:36,267: [src.gui.StartPage] [INFO] --- Button was pressed
2017-07-24 17:13:12,281: [root] [INFO] --- 




------>Starting project 2
2017-07-24 17:13:12,355: [__main__] [INFO] --- Show src.gui.StartPage.StartPage
2017-07-24 17:13:13,244: [__main__] [INFO] --- Show src.gui.ModelPage.ModelPage
2017-07-24 17:13:13,249: [src.gui.StartPage] [INFO] --- Button was pressed
2017-07-24 17:13:44,760: [root] [INFO] --- 




------>Starting project 2
2017-07-24 17:13:44,832: [__main__] [INFO] --- Show src.gui.StartPage.StartPage
2017-07-24 17:13:45,867: [__main__] [INFO] --- Show src.gui.ModelPage.ModelPage
2017-07-24 17:13:45,872: [src.gui.StartPage] [INFO] --- Button was pressed
2017-07-24 17:31:44,006: [root] [INFO] --- 




------>Starting project 2
2017-07-24 17:31:44,065: [__main__] [INFO] --- Show src.gui.StartPage.StartPage
2017-07-24 17:31:45,119: [__main__] [INFO] --- Show src.gui.ModelPage.ModelPage
2017-07-24 17:31:45,124: [src.gui.StartPage] [INFO] --- Button was pressed
2017-07-24 17:32:00,214: [root] [INFO] --- 




------>Starting project 2
2017-07-24 17:32:00,284: [__main__] [INFO] --- Show src.gui.StartPage.StartPage
2017-07-24 17:32:01,081: [__main__] [INFO] --- Show src.gui.ModelPage.ModelPage
2017-07-24 17:32:01,084: [src.gui.StartPage] [INFO] --- Button was pressed
2017-07-24 17:32:42,016: [root] [INFO] --- 




------>Starting project 2
2017-07-24 17:32:42,088: [__main__] [INFO] --- Show src.gui.StartPage.StartPage
2017-07-24 17:32:43,542: [__main__] [INFO] --- Show src.gui.ModelPage.ModelPage
2017-07-24 17:32:43,548: [src.gui.StartPage] [INFO] --- Button was pressed
2017-07-24 17:32:49,232: [root] [INFO] --- 




------>Starting project 2
2017-07-24 17:32:49,301: [__main__] [INFO] --- Show src.gui.StartPage.StartPage
2017-07-24 17:32:50,070: [__main__] [INFO] --- Show src.gui.ModelPage.ModelPage
2017-07-24 17:32:50,075: [src.gui.StartPage] [INFO] --- Button was pressed
2017-07-24 17:33:38,149: [root] [INFO] --- 




------>Starting project 2
2017-07-24 17:33:59,916: [root] [INFO] --- 




------>Starting project 2
2017-07-24 17:33:59,982: [__main__] [INFO] --- Show src.gui.StartPage.StartPage
2017-07-24 17:34:00,990: [__main__] [INFO] --- Show src.gui.ModelPage.ModelPage
2017-07-24 17:34:00,997: [src.gui.StartPage] [INFO] --- Button was pressed
2017-07-24 17:34:28,137: [root] [INFO] --- 




------>Starting project 2
2017-07-24 17:34:28,205: [__main__] [INFO] --- Show src.gui.StartPage.StartPage
2017-07-24 17:34:29,456: [__main__] [INFO] --- Show src.gui.ModelPage.ModelPage
2017-07-24 17:34:29,462: [src.gui.StartPage] [INFO] --- Button was pressed
2017-07-24 17:35:03,639: [root] [INFO] --- 




------>Starting project 2
2017-07-24 17:35:03,717: [__main__] [INFO] --- Show src.gui.StartPage.StartPage
2017-07-24 17:35:04,486: [__main__] [INFO] --- Show src.gui.ModelPage.ModelPage
2017-07-24 17:35:04,490: [src.gui.StartPage] [INFO] --- Button was pressed
2017-07-24 17:35:58,918: [root] [INFO] --- 




------>Starting project 2
2017-07-24 17:35:58,990: [__main__] [INFO] --- Show src.gui.StartPage.StartPage
2017-07-24 17:35:59,861: [__main__] [INFO] --- Show src.gui.ModelPage.ModelPage
2017-07-24 17:35:59,866: [src.gui.StartPage] [INFO] --- Button was pressed
2017-07-24 17:37:24,389: [root] [INFO] --- 




------>Starting project 2
2017-07-24 17:37:24,457: [__main__] [INFO] --- Show src.gui.StartPage.StartPage
2017-07-24 17:37:25,577: [__main__] [INFO] --- Show src.gui.ModelPage.ModelPage
2017-07-24 17:37:25,583: [src.gui.StartPage] [INFO] --- Button was pressed
2017-07-24 17:37:57,207: [root] [INFO] --- 




------>Starting project 2
2017-07-24 17:37:57,274: [__main__] [INFO] --- Show src.gui.StartPage.StartPage
2017-07-24 17:37:58,406: [__main__] [INFO] --- Show src.gui.ModelPage.ModelPage
2017-07-24 17:37:58,411: [src.gui.StartPage] [INFO] --- Button was pressed
2017-07-24 17:38:24,942: [root] [INFO] --- 




------>Starting project 2
2017-07-24 17:38:25,007: [__main__] [INFO] --- Show src.gui.StartPage.StartPage
2017-07-24 17:38:26,093: [__main__] [INFO] --- Show src.gui.ModelPage.ModelPage
2017-07-24 17:38:26,100: [src.gui.StartPage] [INFO] --- Button was pressed
2017-07-24 17:38:32,345: [root] [INFO] --- 




------>Starting project 2
2017-07-24 17:38:32,419: [__main__] [INFO] --- Show src.gui.StartPage.StartPage
2017-07-24 17:38:33,256: [__main__] [INFO] --- Show src.gui.ModelPage.ModelPage
2017-07-24 17:38:33,261: [src.gui.StartPage] [INFO] --- Button was pressed
2017-07-24 17:40:56,841: [root] [INFO] --- 




------>Starting project 2
2017-07-24 17:40:56,922: [__main__] [INFO] --- Show src.gui.StartPage.StartPage
2017-07-24 17:40:57,754: [__main__] [INFO] --- Show src.gui.ModelPage.ModelPage
2017-07-24 17:40:57,760: [src.gui.StartPage] [INFO] --- Button was pressed
2017-07-24 17:41:10,314: [root] [INFO] --- 




------>Starting project 2
2017-07-24 17:41:10,364: [__main__] [INFO] --- Show src.gui.StartPage.StartPage
2017-07-24 17:41:11,284: [__main__] [INFO] --- Show src.gui.ModelPage.ModelPage
2017-07-24 17:41:11,290: [src.gui.StartPage] [INFO] --- Button was pressed
2017-07-24 17:44:47,178: [root] [INFO] --- 




------>Starting project 2
2017-07-24 17:44:47,232: [__main__] [INFO] --- Show src.gui.StartPage.StartPage
2017-07-24 17:44:48,239: [__main__] [INFO] --- Show src.gui.ModelPage.ModelPage
2017-07-24 17:44:48,243: [src.gui.StartPage] [INFO] --- Button was pressed
